INFO:root:Starting BTC causal & explainable dashboard
INFO:dash.dash:Dash is running on http://0.0.0.0:8050/

INFO:root:Starting BTC causal & explainable dashboard
INFO:root:Starting BTC causal & explainable dashboard
INFO:root:Starting BTC causal & explainable dashboard
INFO:dash.dash:Dash is running on http://0.0.0.0:8050/

INFO:root:Starting BTC causal & explainable dashboard
INFO:root:SHAP mean contributions: [[ 3.95076827e-04  2.43738059e-03  3.65654524e-05]
 [-3.95076827e-04 -2.43738059e-03 -3.65654524e-05]]
INFO:root:SHAP mean contributions: [[ 3.95076827e-04  2.43738059e-03  3.65654524e-05]
 [-3.95076827e-04 -2.43738059e-03 -3.65654524e-05]]
INFO:root:SHAP mean contributions: [[ 3.95076827e-04  2.43738059e-03  3.65654524e-05]
 [-3.95076827e-04 -2.43738059e-03 -3.65654524e-05]]
INFO:root:SHAP mean contributions: [[ 3.95076827e-04  2.43738059e-03  3.65654524e-05]
 [-3.95076827e-04 -2.43738059e-03 -3.65654524e-05]]
INFO:root:SHAP mean contributions: [[ 3.95076827e-04  2.43738059e-03  3.65654524e-05]
 [-3.95076827e-04 -2.43738059e-03 -3.65654524e-05]]
INFO:root:SHAP mean contributions: [[ 3.95076827e-04  2.43738059e-03  3.65654524e-05]
 [-3.95076827e-04 -2.43738059e-03 -3.65654524e-05]]
INFO:root:SHAP mean contributions: [[ 3.95076827e-04  2.43738059e-03  3.65654524e-05]
 [-3.95076827e-04 -2.43738059e-03 -3.65654524e-05]]
INFO:root:SHAP mean contributions: [[ 3.95076827e-04  2.43738059e-03  3.65654524e-05]
 [-3.95076827e-04 -2.43738059e-03 -3.65654524e-05]]
INFO:root:SHAP mean contributions: [[ 3.95076827e-04  2.43738059e-03  3.65654524e-05]
 [-3.95076827e-04 -2.43738059e-03 -3.65654524e-05]]
INFO:root:SHAP mean contributions: [[ 3.95076827e-04  2.43738059e-03  3.65654524e-05]
 [-3.95076827e-04 -2.43738059e-03 -3.65654524e-05]]
INFO:root:SHAP mean contributions: [[ 3.95076827e-04  2.43738059e-03  3.65654524e-05]
 [-3.95076827e-04 -2.43738059e-03 -3.65654524e-05]]
INFO:root:SHAP mean contributions: [[ 3.95076827e-04  2.43738059e-03  3.65654524e-05]
 [-3.95076827e-04 -2.43738059e-03 -3.65654524e-05]]
INFO:root:SHAP mean contributions: [[ 3.95076827e-04  2.43738059e-03  3.65654524e-05]
 [-3.95076827e-04 -2.43738059e-03 -3.65654524e-05]]
INFO:root:SHAP mean contributions: [[ 3.95076827e-04  2.43738059e-03  3.65654524e-05]
 [-3.95076827e-04 -2.43738059e-03 -3.65654524e-05]]
INFO:root:SHAP mean contributions: [[ 3.95076827e-04  2.43738059e-03  3.65654524e-05]
 [-3.95076827e-04 -2.43738059e-03 -3.65654524e-05]]
INFO:root:SHAP mean contributions: [[ 3.95076827e-04  2.43738059e-03  3.65654524e-05]
 [-3.95076827e-04 -2.43738059e-03 -3.65654524e-05]]
INFO:root:SHAP mean contributions: [[ 3.95076827e-04  2.43738059e-03  3.65654524e-05]
 [-3.95076827e-04 -2.43738059e-03 -3.65654524e-05]]
INFO:root:SHAP mean contributions: [[ 3.95076827e-04  2.43738059e-03  3.65654524e-05]
 [-3.95076827e-04 -2.43738059e-03 -3.65654524e-05]]
INFO:root:SHAP mean contributions: [[ 3.95076827e-04  2.43738059e-03  3.65654524e-05]
 [-3.95076827e-04 -2.43738059e-03 -3.65654524e-05]]
INFO:root:SHAP mean contributions: [[ 3.95076827e-04  2.43738059e-03  3.65654524e-05]
 [-3.95076827e-04 -2.43738059e-03 -3.65654524e-05]]
INFO:root:SHAP mean contributions: [[ 3.81685532e-04  2.43085402e-03  5.64833155e-05]
 [-3.81685532e-04 -2.43085402e-03 -5.64833155e-05]]
INFO:root:SHAP mean contributions: [[ 3.81685532e-04  2.43085402e-03  5.64833155e-05]
 [-3.81685532e-04 -2.43085402e-03 -5.64833155e-05]]
INFO:root:SHAP mean contributions: [[ 3.81685532e-04  2.43085402e-03  5.64833155e-05]
 [-3.81685532e-04 -2.43085402e-03 -5.64833155e-05]]
INFO:root:SHAP mean contributions: [[ 3.74003836e-04  2.43140171e-03  6.36173243e-05]
 [-3.74003836e-04 -2.43140171e-03 -6.36173243e-05]]
INFO:root:SHAP mean contributions: [[ 3.74003836e-04  2.43140171e-03  6.36173243e-05]
 [-3.74003836e-04 -2.43140171e-03 -6.36173243e-05]]
INFO:root:SHAP mean contributions: [[ 3.74003836e-04  2.43140171e-03  6.36173243e-05]
 [-3.74003836e-04 -2.43140171e-03 -6.36173243e-05]]
INFO:root:SHAP mean contributions: [[ 3.74003836e-04  2.43140171e-03  6.36173243e-05]
 [-3.74003836e-04 -2.43140171e-03 -6.36173243e-05]]
INFO:root:SHAP mean contributions: [[ 3.74003836e-04  2.43140171e-03  6.36173243e-05]
 [-3.74003836e-04 -2.43140171e-03 -6.36173243e-05]]
INFO:root:SHAP mean contributions: [[ 3.74003836e-04  2.43140171e-03  6.36173243e-05]
 [-3.74003836e-04 -2.43140171e-03 -6.36173243e-05]]
INFO:root:SHAP mean contributions: [[ 3.74003836e-04  2.43140171e-03  6.36173243e-05]
 [-3.74003836e-04 -2.43140171e-03 -6.36173243e-05]]
INFO:root:SHAP mean contributions: [[ 3.74003836e-04  2.43140171e-03  6.36173243e-05]
 [-3.74003836e-04 -2.43140171e-03 -6.36173243e-05]]
INFO:root:SHAP mean contributions: [[ 3.74003836e-04  2.43140171e-03  6.36173243e-05]
 [-3.74003836e-04 -2.43140171e-03 -6.36173243e-05]]
INFO:root:SHAP mean contributions: [[ 3.74003836e-04  2.43140171e-03  6.36173243e-05]
 [-3.74003836e-04 -2.43140171e-03 -6.36173243e-05]]
INFO:root:SHAP mean contributions: [[ 3.74003836e-04  2.43140171e-03  6.36173243e-05]
 [-3.74003836e-04 -2.43140171e-03 -6.36173243e-05]]
INFO:root:SHAP mean contributions: [[ 3.74003836e-04  2.43140171e-03  6.36173243e-05]
 [-3.74003836e-04 -2.43140171e-03 -6.36173243e-05]]
INFO:root:SHAP mean contributions: [[ 3.74003836e-04  2.43140171e-03  6.36173243e-05]
 [-3.74003836e-04 -2.43140171e-03 -6.36173243e-05]]
INFO:root:SHAP mean contributions: [[ 3.74003836e-04  2.43140171e-03  6.36173243e-05]
 [-3.74003836e-04 -2.43140171e-03 -6.36173243e-05]]
INFO:root:SHAP mean contributions: [[ 3.74003836e-04  2.43140171e-03  6.36173243e-05]
 [-3.74003836e-04 -2.43140171e-03 -6.36173243e-05]]
INFO:root:SHAP mean contributions: [[ 0.00102976  0.00152547 -0.0001228 ]
 [-0.00102976 -0.00152547  0.0001228 ]]
INFO:root:SHAP mean contributions: [[ 0.00265374  0.00085657 -0.00049575]
 [-0.00265374 -0.00085657  0.00049575]]
INFO:root:SHAP mean contributions: [[ 3.95076827e-04  2.43738059e-03  3.65654524e-05]
 [-3.95076827e-04 -2.43738059e-03 -3.65654524e-05]]
INFO:root:SHAP mean contributions: [[ 0.0001162   0.00336804 -0.0002202 ]
 [-0.0001162  -0.00336804  0.0002202 ]]
